0 info it worked if it ends with ok
1 verbose cli [ 'C:\\Program Files\\nodejs\\node.exe',
1 verbose cli   'C:\\Program Files\\nodejs\\node_modules\\npm\\bin\\npm-cli.js',
1 verbose cli   'start' ]
2 info using npm@3.10.10
3 info using node@v6.10.3
4 verbose run-script [ 'prestart', 'start', 'poststart' ]
5 info lifecycle learn-react@0.1.0~prestart: learn-react@0.1.0
6 silly lifecycle learn-react@0.1.0~prestart: no script for prestart, continuing
7 info lifecycle learn-react@0.1.0~start: learn-react@0.1.0
8 verbose lifecycle learn-react@0.1.0~start: unsafe-perm in lifecycle true
9 verbose lifecycle learn-react@0.1.0~start: PATH: C:\Users\Lowkeys\AppData\Roaming\nvm\v6.10.3\node_modules\npm\bin\node-gyp-bin;C:\Users\Lowkeys\Desktop\opsy\notesApp\node_modules\.bin;C:\ProgramData\Oracle\Java\javapath;C:\WINDOWS\system32;C:\WINDOWS;C:\WINDOWS\System32\Wbem;C:\WINDOWS\System32\WindowsPowerShell\v1.0\;C:\Program Files\nircmd-x64\nircmd.exe;C:\Program Files\PuTTY\;C:\Program Files (x86)\Yarn\bin;C:\Python27\;C:\Program Files\cmder_mini\;C:\Program Files\RealTemp_370\;C:\Program Files\Git\cmd;C:\Program Files\cURL\bin;C:\Python27\Scripts;C:\Program Files (x86)\Microsoft VS Code Insiders\bin;%NVM_HOME%;%NVM_SYMLINK%;C:\Program Files (x86)\Skype\Phone\;C:\Users\Lowkeys\AppData\Local\Programs\Python\Python36\Scripts\;C:\Users\Lowkeys\AppData\Local\Programs\Python\Python36\;C:\Users\Lowkeys\AppData\Local\Microsoft\WindowsApps;C:\Program Files (x86)\Microsoft VS Code Insiders\bin;C:\Users\Lowkeys\AppData\Roaming\npm;C:\Users\Lowkeys\AppData\Roaming\nvm;C:\Program Files\nodejs;C:\Program Files\nircmd-x64\nircmd.exe;C:\Users\Lowkeys\AppData\Local\atom\bin;C:\cygwin64\bin;C:\Python27\;C:\Users\Lowkeys\AppData\Local\Yarn\.bin;C:\Program Files\cmder_mini\;C:\Program Files\RealTemp_370\;C:\Users\Lowkeys\AppData\Local\Microsoft\WindowsApps;C:\Python27\Scripts;C:\Program Files (x86)\Microsoft VS Code Insiders\bin;C:\Users\Lowkeys\AppData\Roaming\nvm;C:\Program Files\nodejs
10 verbose lifecycle learn-react@0.1.0~start: CWD: C:\Users\Lowkeys\Desktop\opsy\notesApp
11 silly lifecycle learn-react@0.1.0~start: Args: [ '/d /s /c', 'react-scripts start' ]
12 verbose stack Error: kill ENOSYS
12 verbose stack     at exports._errnoException (util.js:1018:11)
12 verbose stack     at process.kill (internal/process.js:190:13)
12 verbose stack     at process.listener (C:\Users\Lowkeys\AppData\Roaming\nvm\v6.10.3\node_modules\npm\node_modules\npmlog\node_modules\gauge\node_modules\signal-exit\index.js:86:15)
12 verbose stack     at emitNone (events.js:91:20)
12 verbose stack     at process.emit (events.js:185:7)
12 verbose stack     at processEmit (C:\Users\Lowkeys\AppData\Roaming\nvm\v6.10.3\node_modules\npm\node_modules\npmlog\node_modules\gauge\node_modules\signal-exit\index.js:146:32)
12 verbose stack     at processEmit (C:\Users\Lowkeys\AppData\Roaming\nvm\v6.10.3\node_modules\npm\node_modules\npm-registry-client\node_modules\npmlog\node_modules\gauge\node_modules\signal-exit\index.js:146:32)
12 verbose stack     at Signal.wrap.onsignal (internal/process.js:217:44)
13 verbose cwd C:\Users\Lowkeys\Desktop\opsy\notesApp
14 error Windows_NT 10.0.15063
15 error argv "C:\\Program Files\\nodejs\\node.exe" "C:\\Program Files\\nodejs\\node_modules\\npm\\bin\\npm-cli.js" "start"
16 error node v6.10.3
17 error npm  v3.10.10
18 error code ENOSYS
19 error errno ENOSYS
20 error syscall kill
21 error kill ENOSYS
22 error If you need help, you may report this error at:
22 error     <https://github.com/npm/npm/issues>
23 verbose exit [ 1, true ]
